enter principle amount
100.0
enter time
2.0
enter rate of interest
2.0
Simple Interest4.0
Compound Interest104.03999
total area of house in square feet
2
Choose the material required
1.standard material(Rs:1200INR)
2.above Standard material(Rs:1500INR)
3.High standard material(Rs:1800INR)

enter your choice in numbers

1
Estimated House Construction cost2400
total area of house in square feet
4
Choose the material required
1.standard material(Rs:1200INR)
2.above Standard material(Rs:1500INR)
3.High standard material(Rs:1800INR)

enter your choice in numbers

4
your choice is invalid
